[debug] [2025-08-28T17:26:17.938Z] ----------------------------------------------------------------------
[debug] [2025-08-28T17:26:17.940Z] Command:       /usr/local/bin/firebase /home/student-00-ee9ecc31daa3/.cache/firebase/tools/lib/node_modules/firebase-tools/lib/bin/firebase init
[debug] [2025-08-28T17:26:17.941Z] CLI Version:   14.15.0
[debug] [2025-08-28T17:26:17.941Z] Platform:      linux
[debug] [2025-08-28T17:26:17.941Z] Node Version:  v20.18.2
[debug] [2025-08-28T17:26:17.941Z] Time:          Thu Aug 28 2025 17:26:17 GMT+0000 (Coordinated Universal Time)
[debug] [2025-08-28T17:26:17.941Z] ----------------------------------------------------------------------
[debug] 
[debug] [2025-08-28T17:26:17.944Z] >>> [apiv2][query] GET https://firebase-public.firebaseio.com/cli.json [none]
[debug] [2025-08-28T17:26:17.998Z] > command requires scopes: ["email","openid","https://www.googleapis.com/auth/cloudplatformprojects.readonly","https://www.googleapis.com/auth/firebase","https://www.googleapis.com/auth/cloud-platform"]
[debug] [2025-08-28T17:26:18.244Z] <<< [apiv2][status] GET https://firebase-public.firebaseio.com/cli.json 200
[debug] [2025-08-28T17:26:18.245Z] <<< [apiv2][body] GET https://firebase-public.firebaseio.com/cli.json {"cloudBuildErrorAfter":1594252800000,"cloudBuildWarnAfter":1590019200000,"defaultNode10After":1594252800000,"minVersion":"3.0.5","node8DeploysDisabledAfter":1613390400000,"node8RuntimeDisabledAfter":1615809600000,"node8WarnAfter":1600128000000}
[debug] [2025-08-28T17:26:20.612Z] Running auto auth
[info] 
     ######## #### ########  ######## ########     ###     ######  ########
     ##        ##  ##     ## ##       ##     ##  ##   ##  ##       ##
     ######    ##  ########  ######   ########  #########  ######  ######
     ##        ##  ##    ##  ##       ##     ## ##     ##       ## ##
     ##       #### ##     ## ######## ########  ##     ##  ######  ########

You're about to initialize a Firebase project in this directory:

  /home/student-00-ee9ecc31daa3/my_hugo_site

[info] 
=== Project Setup
[info] 
[info] First, let's associate this project directory with a Firebase project.
[info] You can create multiple project aliases by running firebase use --add, 
[info] but for now we'll just set up a default project.
[info] 
[debug] [2025-08-28T17:27:06.036Z] No OAuth tokens found
[debug] [2025-08-28T17:27:06.038Z] >>> [apiv2][query] GET https://firebase.googleapis.com/v1beta1/projects pageSize=100
[debug] [2025-08-28T17:27:06.351Z] <<< [apiv2][status] GET https://firebase.googleapis.com/v1beta1/projects 200
[debug] [2025-08-28T17:27:06.351Z] <<< [apiv2][body] GET https://firebase.googleapis.com/v1beta1/projects [omitted]
[info] i  Using project qwiklabs-gcp-02-3f91e16d20c9 (qwiklabs-gcp-02-3f91e16d20c9) 
[info] 
=== Hosting Setup
[debug] [2025-08-28T17:27:52.019Z] No OAuth tokens found
[debug] [2025-08-28T17:27:52.019Z] >>> [apiv2][query] GET https://firebase.googleapis.com/v1beta1/projects/qwiklabs-gcp-02-3f91e16d20c9 [none]
[debug] [2025-08-28T17:27:52.176Z] <<< [apiv2][status] GET https://firebase.googleapis.com/v1beta1/projects/qwiklabs-gcp-02-3f91e16d20c9 200
[debug] [2025-08-28T17:27:52.176Z] <<< [apiv2][body] GET https://firebase.googleapis.com/v1beta1/projects/qwiklabs-gcp-02-3f91e16d20c9 {"projectId":"qwiklabs-gcp-02-3f91e16d20c9","projectNumber":"757697983879","displayName":"qwiklabs-gcp-02-3f91e16d20c9","name":"projects/qwiklabs-gcp-02-3f91e16d20c9","resources":{"hostingSite":"qwiklabs-gcp-02-3f91e16d20c9"},"state":"ACTIVE","etag":"1_0cf0561e-9da9-4639-9bf3-2d0bb0051492"}
[info] 
[info] Your public directory is the folder (relative to your project directory) that
[info] will contain Hosting assets to be uploaded with firebase deploy. If you
[info] have a build process for your assets, use your build's output directory.
[info] 
[debug] [2025-08-28T17:28:13.794Z] >>> [apiv2][query] GET https://www.gstatic.com/firebasejs/releases.json [none]
[debug] [2025-08-28T17:28:13.810Z] <<< [apiv2][status] GET https://www.gstatic.com/firebasejs/releases.json 200
[debug] [2025-08-28T17:28:13.810Z] <<< [apiv2][body] GET https://www.gstatic.com/firebasejs/releases.json {"current":{"version":"12.2.0","browserURL":"https://www.gstatic.com/firebasejs/12.2.0/firebase.js","packageURL":"https://www.gstatic.com/firebasejs/12.2.0/firebase.tgz"},"live":{"version":"12.2","browserURL":"https://www.gstatic.com/firebasejs/live/12.2/firebase.js","packageURL":"https://www.gstatic.com/firebasejs/live/12.2/firebase.tgz"},"components":{"ai":"https://www.gstatic.com/firebasejs/12.2.0/firebase-ai.js","analytics":"https://www.gstatic.com/firebasejs/12.2.0/firebase-analytics.js","app":"https://www.gstatic.com/firebasejs/12.2.0/firebase-app.js","app-check":"https://www.gstatic.com/firebasejs/12.2.0/firebase-app-check.js","auth":"https://www.gstatic.com/firebasejs/12.2.0/firebase-auth.js","auth/cordova":"https://www.gstatic.com/firebasejs/12.2.0/firebase-auth/cordova.js","auth/web-extension":"https://www.gstatic.com/firebasejs/12.2.0/firebase-auth/web-extension.js","functions":"https://www.gstatic.com/firebasejs/12.2.0/firebase-functions.js","firestore":"https://www.gstatic.com/firebasejs/12.2.0/firebase-firestore.js","firestore/lite":"https://www.gstatic.com/firebasejs/12.2.0/firebase-firestore/lite.js","installations":"https://www.gstatic.com/firebasejs/12.2.0/firebase-installations.js","storage":"https://www.gstatic.com/firebasejs/12.2.0/firebase-storage.js","performance":"https://www.gstatic.com/firebasejs/12.2.0/firebase-performance.js","remote-config":"https://www.gstatic.com/firebasejs/12.2.0/firebase-remote-config.js","messaging":"https://www.gstatic.com/firebasejs/12.2.0/firebase-messaging.js","messaging/sw":"https://www.gstatic.com/firebasejs/12.2.0/firebase-messaging/sw.js","database":"https://www.gstatic.com/firebasejs/12.2.0/firebase-database.js","data-connect":"https://www.gstatic.com/firebasejs/12.2.0/firebase-data-connect.js","firestore.memory":"https://www.gstatic.com/firebasejs/12.2.0/firebase-firestore.memory.js"}}
[info] ✔  Wrote NO/index.html 
[info] 
[info] i  Detected a .git folder at /home/student-00-ee9ecc31daa3/my_hugo_site 
[info] i  Authorizing with GitHub to upload your service account to a GitHub repository's secrets store. 
[info] 
[info] Visit this URL on this device to log in:
[info] https://github.com/login/oauth/authorize?client_id=89cf50f02ac6aaed3484&state=564236491&redirect_uri=http%3A%2F%2Flocalhost%3A9005&scope=read%3Auser%20repo%20public_repo
[info] 
[info] Waiting for authentication...
